<?xml version='1.0'?>
<ns2:test-suite xmlns:ns2='urn:model.allure.qatools.yandex.ru' start='1668526842017' stop='1668526842183'>
    <name>Chceck hovers page: I can check hovers</name>
    <title>Chceck hovers page: I can check hovers</title>
    <test-cases>
        <test-case start='1668526842017' status='passed' stop='1668526842017'>
            <name></name>
            <title></title>
            <labels>
                <label name='language' value='javascript'/>
                <label name='framework' value='wdio'/>
                <label name='thread' value='0-0'/>
            </labels>
            <parameters>
                <parameter kind='argument' name='browser' value='chrome-107.0.5304.107'/>
            </parameters>
            <steps/>
            <attachments/>
        </test-case>
        <test-case start='1668526842017' status='passed' stop='1668526842181'>
            <name>Given I am on the "hovers" page</name>
            <title>Given I am on the "hovers" page</title>
            <labels>
                <label name='language' value='javascript'/>
                <label name='framework' value='wdio'/>
                <label name='thread' value='0-0'/>
            </labels>
            <parameters>
                <parameter kind='argument' name='browser' value='chrome-107.0.5304.107'/>
            </parameters>
            <steps>
                <step start='1668526842018' status='passed' stop='1668526842181'>
                    <name>POST /session/:sessionId/url</name>
                    <title>POST /session/:sessionId/url</title>
                    <attachments>
                        <attachment title='Request' source='c1379eb8-de55-4bdc-84c8-cd57d0bca133-attachment.json' type='application/json' size='56'/>
                    </attachments>
                    <steps/>
                </step>
            </steps>
            <attachments/>
        </test-case>
        <test-case start='1668526842181' status='broken' stop='1668526842182'>
            <name>When I move to image 4</name>
            <title>When I move to image 4</title>
            <labels>
                <label name='language' value='javascript'/>
                <label name='framework' value='wdio'/>
                <label name='thread' value='0-0'/>
            </labels>
            <parameters>
                <parameter kind='argument' name='browser' value='chrome-107.0.5304.107'/>
            </parameters>
            <steps/>
            <attachments/>
            <failure>
                <message>Error: selector needs to be typeof `string` or `function`</message>
                <stack-trace>Error: selector needs to be typeof `string` or `function`
                    at Browser.findElement (C:\Users\pauli\Desktop\Evolution bootcamp\CodeScreen_1tfqajnk\node_modules\webdriverio\build\utils\index.js:254:11)
                    at Browser.$ (C:\Users\pauli\Desktop\Evolution bootcamp\CodeScreen_1tfqajnk\node_modules\webdriverio\build\commands\browser\$.js:91:43)
                    at Browser.wrapCommandFn (C:\Users\pauli\Desktop\Evolution bootcamp\CodeScreen_1tfqajnk\node_modules\@wdio\utils\build\shim.js:137:38)
                    at process.processTicksAndRejections (node:internal/process/task_queues:95:5)
                    at async World.&lt;anonymous> (C:\Users\pauli\Desktop\Evolution bootcamp\CodeScreen_1tfqajnk\features\step-definitions\steps.js:78:18)</stack-trace>
            </failure>
        </test-case>
        <test-case start='1668526842182' status='broken' stop='1668526842182'>
            <name>Then I should see a "name: user2"</name>
            <title>Then I should see a "name: user2"</title>
            <labels>
                <label name='language' value='javascript'/>
                <label name='framework' value='wdio'/>
                <label name='thread' value='0-0'/>
            </labels>
            <parameters>
                <parameter kind='argument' name='browser' value='chrome-107.0.5304.107'/>
            </parameters>
            <steps/>
            <attachments/>
            <failure>
                <message>Step "I should see a "name: user2"" is not defined. You can ignore this error by setting cucumberOpts.ignoreUndefinedDefinitions as true.</message>
                <stack-trace>Step "I should see a "name: user2"" is not defined. You can ignore this error by setting cucumberOpts.ignoreUndefinedDefinitions as true.
                	at Feature(C:\Users\pauli\Desktop\Evolution bootcamp\CodeScreen_1tfqajnk\features\hovers.feature):1:1
                	at Scenario(I can check hovers):14:1
                	at Step(I should see a "&lt;message>"):18:5
                </stack-trace>
            </failure>
        </test-case>
        <test-case start='1668526842182' status='passed' stop='1668526842183'>
            <name></name>
            <title></title>
            <labels>
                <label name='language' value='javascript'/>
                <label name='framework' value='wdio'/>
                <label name='thread' value='0-0'/>
            </labels>
            <parameters>
                <parameter kind='argument' name='browser' value='chrome-107.0.5304.107'/>
            </parameters>
            <steps/>
            <attachments/>
        </test-case>
    </test-cases>
</ns2:test-suite>