<?xml version='1.0'?>
<ns2:test-suite xmlns:ns2='urn:model.allure.qatools.yandex.ru' start='1668507897250' stop='1668507900056'>
    <name>Add and remove page: I can add elements</name>
    <title>Add and remove page: I can add elements</title>
    <test-cases>
        <test-case start='1668507897250' status='passed' stop='1668507897251'>
            <name></name>
            <title></title>
            <labels>
                <label name='language' value='javascript'/>
                <label name='framework' value='wdio'/>
                <label name='thread' value='0-0'/>
            </labels>
            <parameters>
                <parameter kind='argument' name='browser' value='chrome-107.0.5304.107'/>
            </parameters>
            <steps/>
            <attachments/>
        </test-case>
        <test-case start='1668507897251' status='passed' stop='1668507900037'>
            <name>Given I am on the "add_remove_elements/" page</name>
            <title>Given I am on the "add_remove_elements/" page</title>
            <labels>
                <label name='language' value='javascript'/>
                <label name='framework' value='wdio'/>
                <label name='thread' value='0-0'/>
            </labels>
            <parameters>
                <parameter kind='argument' name='browser' value='chrome-107.0.5304.107'/>
            </parameters>
            <steps>
                <step start='1668507897253' status='passed' stop='1668507900037'>
                    <name>POST /session/:sessionId/url</name>
                    <title>POST /session/:sessionId/url</title>
                    <attachments>
                        <attachment title='Request' source='69fc34d0-ae68-4471-bf3c-fe0d5ff5c08e-attachment.json' type='application/json' size='70'/>
                    </attachments>
                    <steps/>
                </step>
            </steps>
            <attachments/>
        </test-case>
        <test-case start='1668507900037' status='broken' stop='1668507900055'>
            <name>When I add elemnts with clic add elemnts</name>
            <title>When I add elemnts with clic add elemnts</title>
            <labels>
                <label name='language' value='javascript'/>
                <label name='framework' value='wdio'/>
                <label name='thread' value='0-0'/>
            </labels>
            <parameters>
                <parameter kind='argument' name='browser' value='chrome-107.0.5304.107'/>
            </parameters>
            <steps>
                <step start='1668507900039' status='passed' stop='1668507900050'>
                    <name>POST /session/:sessionId/element</name>
                    <title>POST /session/:sessionId/element</title>
                    <attachments>
                        <attachment title='Request' source='1857ded8-7040-45dc-9e5c-ed6ab28019c2-attachment.json' type='application/json' size='67'/>
                        <attachment title='Response' source='b4354696-9953-49dc-bbe0-7dcf68be4c52-attachment.json' type='application/json' size='83'/>
                    </attachments>
                    <steps/>
                </step>
            </steps>
            <attachments/>
            <failure>
                <message>TypeError: Options must be an object</message>
                <stack-trace>TypeError: Options must be an object
                    at Element.click (C:\Users\pauli\Desktop\Evolution bootcamp\CodeScreen_1tfqajnk\node_modules\webdriverio\build\commands\element\click.js:92:15)
                    at Element.wrapCommandFn (C:\Users\pauli\Desktop\Evolution bootcamp\CodeScreen_1tfqajnk\node_modules\@wdio\utils\build\shim.js:137:38)
                    at process.processTicksAndRejections (node:internal/process/task_queues:95:5)
                    at async Element.elementErrorHandlerCallbackFn (C:\Users\pauli\Desktop\Evolution bootcamp\CodeScreen_1tfqajnk\node_modules\webdriverio\build\middlewares.js:24:32)
                    at async Element.wrapCommandFn (C:\Users\pauli\Desktop\Evolution bootcamp\CodeScreen_1tfqajnk\node_modules\@wdio\utils\build\shim.js:137:29)
                    at async World.&lt;anonymous> (C:\Users\pauli\Desktop\Evolution bootcamp\CodeScreen_1tfqajnk\features\step-definitions\steps.js:22:5)</stack-trace>
            </failure>
        </test-case>
        <test-case start='1668507900055' status='broken' stop='1668507900055'>
            <name>Then I should see a field saying &lt;delete></name>
            <title>Then I should see a field saying &lt;delete></title>
            <labels>
                <label name='language' value='javascript'/>
                <label name='framework' value='wdio'/>
                <label name='thread' value='0-0'/>
            </labels>
            <parameters>
                <parameter kind='argument' name='browser' value='chrome-107.0.5304.107'/>
            </parameters>
            <steps/>
            <attachments/>
            <failure>
                <message>Step "I should see a field saying &lt;delete>" is not defined. You can ignore this error by setting cucumberOpts.ignoreUndefinedDefinitions as true.</message>
                <stack-trace>Step "I should see a field saying &lt;delete>" is not defined. You can ignore this error by setting cucumberOpts.ignoreUndefinedDefinitions as true.
                	at Feature(C:\Users\pauli\Desktop\Evolution bootcamp\CodeScreen_1tfqajnk\features\add-remove-elements.feature):1:1
                	at Scenario(I can add elements):7:1
                	at Step(I should see a field saying &lt;delete>):9:5
                </stack-trace>
            </failure>
        </test-case>
        <test-case start='1668507900055' status='passed' stop='1668507900055'>
            <name></name>
            <title></title>
            <labels>
                <label name='language' value='javascript'/>
                <label name='framework' value='wdio'/>
                <label name='thread' value='0-0'/>
            </labels>
            <parameters>
                <parameter kind='argument' name='browser' value='chrome-107.0.5304.107'/>
            </parameters>
            <steps/>
            <attachments/>
        </test-case>
    </test-cases>
</ns2:test-suite>