<?xml version='1.0'?>
<ns2:test-suite xmlns:ns2='urn:model.allure.qatools.yandex.ru' start='1668518158864' stop='1668518165980'>
    <name>Chceck boxes page: I can check boxes</name>
    <title>Chceck boxes page: I can check boxes</title>
    <test-cases>
        <test-case start='1668518158865' status='passed' stop='1668518158868'>
            <name></name>
            <title></title>
            <labels>
                <label name='language' value='javascript'/>
                <label name='framework' value='wdio'/>
                <label name='thread' value='0-0'/>
            </labels>
            <parameters>
                <parameter kind='argument' name='browser' value='chrome-107.0.5304.107'/>
            </parameters>
            <steps/>
            <attachments/>
        </test-case>
        <test-case start='1668518158868' status='passed' stop='1668518165889'>
            <name>Given I am on the "checkboxes" page</name>
            <title>Given I am on the "checkboxes" page</title>
            <labels>
                <label name='language' value='javascript'/>
                <label name='framework' value='wdio'/>
                <label name='thread' value='0-0'/>
            </labels>
            <parameters>
                <parameter kind='argument' name='browser' value='chrome-107.0.5304.107'/>
            </parameters>
            <steps>
                <step start='1668518158871' status='passed' stop='1668518160876'>
                    <name>POST /session/:sessionId/url</name>
                    <title>POST /session/:sessionId/url</title>
                    <attachments>
                        <attachment title='Request' source='fb313f84-cd58-4241-89e0-f8da9de5772e-attachment.json' type='application/json' size='60'/>
                    </attachments>
                    <steps/>
                </step>
            </steps>
            <attachments/>
        </test-case>
        <test-case start='1668518165890' status='broken' stop='1668518165976'>
            <name>When I clic chceck boxes 1</name>
            <title>When I clic chceck boxes 1</title>
            <labels>
                <label name='language' value='javascript'/>
                <label name='framework' value='wdio'/>
                <label name='thread' value='0-0'/>
            </labels>
            <parameters>
                <parameter kind='argument' name='browser' value='chrome-107.0.5304.107'/>
            </parameters>
            <steps>
                <step start='1668518165894' status='broken' stop='1668518165976'>
                    <name>POST /session/:sessionId/element</name>
                    <title>POST /session/:sessionId/element</title>
                    <attachments>
                        <attachment title='Request' source='3e40dbe5-fa31-4c1e-b5e7-a93b596522b1-attachment.json' type='application/json' size='102'/>
                    </attachments>
                    <steps/>
                </step>
            </steps>
            <attachments/>
            <failure>
                <message>invalid selector: The selector "#checkboxes > input[type=checkbox]:nth-child(${chceckbox})" used with strategy "css selector" is invalid! For more information on selectors visit the WebdriverIO docs at: https://webdriver.io/docs/selectors</message>
                <stack-trace>invalid selector: The selector "#checkboxes > input[type=checkbox]:nth-child(${chceckbox})" used with strategy "css selector" is invalid! For more information on selectors visit the WebdriverIO docs at: https://webdriver.io/docs/selectors
                    at getErrorFromResponseBody (C:\Users\pauli\Desktop\Evolution bootcamp\CodeScreen_1tfqajnk\node_modules\webdriver\build\utils.js:198:12)
                    at NodeJSRequest._request (C:\Users\pauli\Desktop\Evolution bootcamp\CodeScreen_1tfqajnk\node_modules\webdriver\build\request\index.js:166:60)
                    at process.processTicksAndRejections (node:internal/process/task_queues:95:5)
                    at async Browser.wrapCommandFn (C:\Users\pauli\Desktop\Evolution bootcamp\CodeScreen_1tfqajnk\node_modules\@wdio\utils\build\shim.js:137:29)
                    at async Browser.$ (C:\Users\pauli\Desktop\Evolution bootcamp\CodeScreen_1tfqajnk\node_modules\webdriverio\build\commands\browser\$.js:91:17)
                    at async Browser.wrapCommandFn (C:\Users\pauli\Desktop\Evolution bootcamp\CodeScreen_1tfqajnk\node_modules\@wdio\utils\build\shim.js:137:29)
                    at async World.&lt;anonymous> (C:\Users\pauli\Desktop\Evolution bootcamp\CodeScreen_1tfqajnk\features\step-definitions\steps.js:47:5)</stack-trace>
            </failure>
        </test-case>
        <test-case start='1668518165977' status='broken' stop='1668518165978'>
            <name>Then I should see a check 1</name>
            <title>Then I should see a check 1</title>
            <labels>
                <label name='language' value='javascript'/>
                <label name='framework' value='wdio'/>
                <label name='thread' value='0-0'/>
            </labels>
            <parameters>
                <parameter kind='argument' name='browser' value='chrome-107.0.5304.107'/>
            </parameters>
            <steps/>
            <attachments/>
            <failure>
                <message>Step "I should see a check 1" is not defined. You can ignore this error by setting cucumberOpts.ignoreUndefinedDefinitions as true.</message>
                <stack-trace>Step "I should see a check 1" is not defined. You can ignore this error by setting cucumberOpts.ignoreUndefinedDefinitions as true.
                	at Feature(C:\Users\pauli\Desktop\Evolution bootcamp\CodeScreen_1tfqajnk\features\checkboxes.feature):1:1
                	at Scenario(I can check boxes):5:3
                	at Step(I should see a check &lt;checkbox>):9:5
                </stack-trace>
            </failure>
        </test-case>
        <test-case start='1668518165978' status='passed' stop='1668518165978'>
            <name></name>
            <title></title>
            <labels>
                <label name='language' value='javascript'/>
                <label name='framework' value='wdio'/>
                <label name='thread' value='0-0'/>
            </labels>
            <parameters>
                <parameter kind='argument' name='browser' value='chrome-107.0.5304.107'/>
            </parameters>
            <steps/>
            <attachments/>
        </test-case>
    </test-cases>
</ns2:test-suite>