<?xml version='1.0'?>
<ns2:test-suite xmlns:ns2='urn:model.allure.qatools.yandex.ru' start='1668522066232' stop='1668522068029'>
    <name>Chceck hovers page: I can check hovers</name>
    <title>Chceck hovers page: I can check hovers</title>
    <test-cases>
        <test-case start='1668522066233' status='passed' stop='1668522066234'>
            <name></name>
            <title></title>
            <labels>
                <label name='language' value='javascript'/>
                <label name='framework' value='wdio'/>
                <label name='thread' value='0-0'/>
            </labels>
            <parameters>
                <parameter kind='argument' name='browser' value='chrome-107.0.5304.107'/>
            </parameters>
            <steps/>
            <attachments/>
        </test-case>
        <test-case start='1668522066234' status='passed' stop='1668522067972'>
            <name>Given I am on the "hovers" page</name>
            <title>Given I am on the "hovers" page</title>
            <labels>
                <label name='language' value='javascript'/>
                <label name='framework' value='wdio'/>
                <label name='thread' value='0-0'/>
            </labels>
            <parameters>
                <parameter kind='argument' name='browser' value='chrome-107.0.5304.107'/>
            </parameters>
            <steps>
                <step start='1668522066236' status='passed' stop='1668522067971'>
                    <name>POST /session/:sessionId/url</name>
                    <title>POST /session/:sessionId/url</title>
                    <attachments>
                        <attachment title='Request' source='7ef60678-7b88-48e5-94dd-e1f7e91f495e-attachment.json' type='application/json' size='56'/>
                    </attachments>
                    <steps/>
                </step>
            </steps>
            <attachments/>
        </test-case>
        <test-case start='1668522067972' status='broken' stop='1668522068028'>
            <name>When I move to image 3</name>
            <title>When I move to image 3</title>
            <labels>
                <label name='language' value='javascript'/>
                <label name='framework' value='wdio'/>
                <label name='thread' value='0-0'/>
            </labels>
            <parameters>
                <parameter kind='argument' name='browser' value='chrome-107.0.5304.107'/>
            </parameters>
            <steps>
                <step start='1668522067975' status='broken' stop='1668522068027'>
                    <name>POST /session/:sessionId/element</name>
                    <title>POST /session/:sessionId/element</title>
                    <attachments>
                        <attachment title='Request' source='4efbdee2-a191-455e-a1a6-9e8e50b762b8-attachment.json' type='application/json' size='90'/>
                    </attachments>
                    <steps/>
                </step>
            </steps>
            <attachments/>
            <failure>
                <message>invalid selector: The selector "#content > div > div:nth-child(${image}) > img" used with strategy "css selector" is invalid! For more information on selectors visit the WebdriverIO docs at: https://webdriver.io/docs/selectors</message>
                <stack-trace>invalid selector: The selector "#content > div > div:nth-child(${image}) > img" used with strategy "css selector" is invalid! For more information on selectors visit the WebdriverIO docs at: https://webdriver.io/docs/selectors
                    at getErrorFromResponseBody (C:\Users\pauli\Desktop\Evolution bootcamp\CodeScreen_1tfqajnk\node_modules\webdriver\build\utils.js:198:12)
                    at NodeJSRequest._request (C:\Users\pauli\Desktop\Evolution bootcamp\CodeScreen_1tfqajnk\node_modules\webdriver\build\request\index.js:166:60)
                    at process.processTicksAndRejections (node:internal/process/task_queues:95:5)
                    at async Browser.wrapCommandFn (C:\Users\pauli\Desktop\Evolution bootcamp\CodeScreen_1tfqajnk\node_modules\@wdio\utils\build\shim.js:137:29)
                    at async Browser.$ (C:\Users\pauli\Desktop\Evolution bootcamp\CodeScreen_1tfqajnk\node_modules\webdriverio\build\commands\browser\$.js:91:17)
                    at async Browser.wrapCommandFn (C:\Users\pauli\Desktop\Evolution bootcamp\CodeScreen_1tfqajnk\node_modules\@wdio\utils\build\shim.js:137:29)</stack-trace>
            </failure>
        </test-case>
        <test-case start='1668522068028' status='broken' stop='1668522068028'>
            <name>Then I should see a "name: user1"</name>
            <title>Then I should see a "name: user1"</title>
            <labels>
                <label name='language' value='javascript'/>
                <label name='framework' value='wdio'/>
                <label name='thread' value='0-0'/>
            </labels>
            <parameters>
                <parameter kind='argument' name='browser' value='chrome-107.0.5304.107'/>
            </parameters>
            <steps/>
            <attachments/>
            <failure>
                <message>Step "I should see a "name: user1"" is not defined. You can ignore this error by setting cucumberOpts.ignoreUndefinedDefinitions as true.</message>
                <stack-trace>Step "I should see a "name: user1"" is not defined. You can ignore this error by setting cucumberOpts.ignoreUndefinedDefinitions as true.
                	at Feature(C:\Users\pauli\Desktop\Evolution bootcamp\CodeScreen_1tfqajnk\features\hovers.feature):1:1
                	at Scenario(I can check hovers):14:1
                	at Step(I should see a "&lt;message>"):18:5
                </stack-trace>
            </failure>
        </test-case>
        <test-case start='1668522068028' status='passed' stop='1668522068028'>
            <name></name>
            <title></title>
            <labels>
                <label name='language' value='javascript'/>
                <label name='framework' value='wdio'/>
                <label name='thread' value='0-0'/>
            </labels>
            <parameters>
                <parameter kind='argument' name='browser' value='chrome-107.0.5304.107'/>
            </parameters>
            <steps/>
            <attachments/>
        </test-case>
    </test-cases>
</ns2:test-suite>